Using pre-set license
Built from '2021.1/staging' branch; Version is '2021.1.6f1 (c0fade0cc7e9) revision 12647134'; Using compiler version '192528614'; Build Type 'Release'
OS: 'Windows 10 Pro; OS build 19042.1110; Version 2009; 64bit' Language: 'de' Physical Memory: 16334 MB
BatchMode: 1, IsHumanControllingUs: 0, StartBugReporterOnCrash: 0, Is64bit: 1, IsPro: 0

 COMMAND LINE ARGUMENTS:
C:\Program Files\Unity\Hub\Editor\2021.1.6f1\Editor\Unity.exe
-adb2
-batchMode
-noUpm
-name
AssetImportWorker0
-projectPath
C:/Users/Shainchen/Documents/GitHub/CC-Projekt/CCProjekt
-logFile
Logs/AssetImportWorker0.log
-srvPort
58376
Successfully changed project path to: C:/Users/Shainchen/Documents/GitHub/CC-Projekt/CCProjekt
C:/Users/Shainchen/Documents/GitHub/CC-Projekt/CCProjekt
Using Asset Import Pipeline V2.
Refreshing native plugins compatible for Editor in 90.87 ms, found 0 plugins.
Preloading 0 native plugins for Editor in 0.00 ms.
Initialize engine version: 2021.1.6f1 (c0fade0cc7e9)
[Subsystems] Discovering subsystems at path C:/Program Files/Unity/Hub/Editor/2021.1.6f1/Editor/Data/Resources/UnitySubsystems
[Subsystems] Discovering subsystems at path C:/Users/Shainchen/Documents/GitHub/CC-Projekt/CCProjekt/Assets
GfxDevice: creating device client; threaded=0; jobified=0
Direct3D:
    Version:  Direct3D 11.0 [level 11.1]
    Renderer: Radeon RX 580 Series (ID=0x67df)
    Vendor:   ATI
    VRAM:     8171 MB
    Driver:   27.20.22001.14011
Shader 'Universal Render Pipeline/Particles/Lit': fallback shader 'Universal Render Pipeline/Particles/SimpleLit' not found
Initialize mono
Mono path[0] = 'C:/Program Files/Unity/Hub/Editor/2021.1.6f1/Editor/Data/Managed'
Mono path[1] = 'C:/Program Files/Unity/Hub/Editor/2021.1.6f1/Editor/Data/MonoBleedingEdge/lib/mono/unityjit'
Mono config path = 'C:/Program Files/Unity/Hub/Editor/2021.1.6f1/Editor/Data/MonoBleedingEdge/etc'
Using monoOptions --debugger-agent=transport=dt_socket,embedding=1,server=y,suspend=n,address=127.0.0.1:56352
Begin MonoManager ReloadAssembly
Registering precompiled unity dll's ...
Register platform support module: C:/Program Files/Unity/Hub/Editor/2021.1.6f1/Editor/Data/PlaybackEngines/WindowsStandaloneSupport/UnityEditor.WindowsStandalone.Extensions.dll
Registered in 0.003130 seconds.
Native extension for WindowsStandalone target not found
Refreshing native plugins compatible for Editor in 100.15 ms, found 0 plugins.
Preloading 0 native plugins for Editor in 0.00 ms.
Mono: successfully reloaded assembly
- Completed reload, in  1.637 seconds
Platform modules already initialized, skipping
Registering precompiled user dll's ...
Registered in 0.001862 seconds.
Begin MonoManager ReloadAssembly
Native extension for WindowsStandalone target not found
Refreshing native plugins compatible for Editor in 106.41 ms, found 0 plugins.
Preloading 0 native plugins for Editor in 0.00 ms.
Mono: successfully reloaded assembly
- Completed reload, in  2.366 seconds
Platform modules already initialized, skipping
========================================================================
Worker process is ready to serve import requests
Shader 'Universal Render Pipeline/Particles/Lit': fallback shader 'Universal Render Pipeline/Particles/SimpleLit' not found
Launched and connected shader compiler UnityShaderCompiler.exe after 0.04 seconds
Refreshing native plugins compatible for Editor in 1.58 ms, found 0 plugins.
Preloading 0 native plugins for Editor in 0.00 ms.
Unloading 3168 Unused Serialized files (Serialized files now loaded: 0)
System memory in use before: 152.4 MB.
System memory in use after: 152.5 MB.

Unloading 109 unused Assets to reduce memory usage. Loaded Objects now: 3623.
Total: 4.500200 ms (FindLiveObjects: 0.302700 ms CreateObjectMapping: 0.090100 ms MarkObjects: 3.846600 ms  DeleteObjects: 0.259000 ms)

========================================================================
Received Import Request.
  path: Assets/Scripts/CameraFollow.cs
  artifactKey: Guid(a35dbf42959e9444d8c9854c9ec7dabb) Importer(815301076,1909f56bfc062723c751e8b465ee728b)
Start importing Assets/Scripts/CameraFollow.cs using Guid(a35dbf42959e9444d8c9854c9ec7dabb) Importer(815301076,1909f56bfc062723c751e8b465ee728b)  -> (artifact id: '2ba5a0f8a1f4ed193cb694ec1be7680a') in 0.038843 seconds 
========================================================================
Received Import Request.
  Time since last request: 8.119814 seconds.
  path: Assets/Scripts/CropsScript.cs
  artifactKey: Guid(f33d3c42d286ca4489bf24d1c83da9b3) Importer(815301076,1909f56bfc062723c751e8b465ee728b)
Start importing Assets/Scripts/CropsScript.cs using Guid(f33d3c42d286ca4489bf24d1c83da9b3) Importer(815301076,1909f56bfc062723c751e8b465ee728b)  -> (artifact id: '23f2ec35783452b396e62e46996f7e25') in 0.007835 seconds 
========================================================================
Received Import Request.
  Time since last request: 16.653967 seconds.
  path: Assets/Scripts/CropsScript.cs
  artifactKey: Guid(f33d3c42d286ca4489bf24d1c83da9b3) Importer(815301076,1909f56bfc062723c751e8b465ee728b)
Start importing Assets/Scripts/CropsScript.cs using Guid(f33d3c42d286ca4489bf24d1c83da9b3) Importer(815301076,1909f56bfc062723c751e8b465ee728b)  -> (artifact id: 'f713b5ce0d1629b74b1d31909dea94d0') in 0.003066 seconds 
========================================================================
Received Prepare
Registering precompiled user dll's ...
Registered in 0.001957 seconds.
Begin MonoManager ReloadAssembly
Native extension for WindowsStandalone target not found
Refreshing native plugins compatible for Editor in 0.77 ms, found 0 plugins.
Preloading 0 native plugins for Editor in 0.00 ms.
Warning: Annotation not found!
UnityEngine.StackTraceUtility:ExtractStackTrace ()
UnityEditor.ProBuilder.EditorUtility:SetGizmoIconEnabled (System.Type,bool) (at Library/PackageCache/com.unity.probuilder@5.0.3/Editor/EditorCore/EditorUtility.cs:575)
UnityEditor.ProBuilder.HierarchyListener:.cctor () (at Library/PackageCache/com.unity.probuilder@5.0.3/Editor/EditorCore/HierarchyListener.cs:21)
System.Runtime.CompilerServices.RuntimeHelpers:RunClassConstructor (System.RuntimeTypeHandle)
UnityEditor.EditorAssemblies:ProcessInitializeOnLoadAttributes (System.Type[])

[Library/PackageCache/com.unity.probuilder@5.0.3/Editor/EditorCore/EditorUtility.cs line 575]

Mono: successfully reloaded assembly
- Completed reload, in  1.185 seconds
Platform modules already initialized, skipping
Shader 'Universal Render Pipeline/Particles/Lit': fallback shader 'Universal Render Pipeline/Particles/SimpleLit' not found
Refreshing native plugins compatible for Editor in 0.78 ms, found 0 plugins.
Preloading 0 native plugins for Editor in 0.00 ms.
Unloading 3008 Unused Serialized files (Serialized files now loaded: 0)
System memory in use before: 141.7 MB.
System memory in use after: 141.9 MB.

Unloading 9 unused Assets to reduce memory usage. Loaded Objects now: 3626.
Total: 3.215300 ms (FindLiveObjects: 0.308000 ms CreateObjectMapping: 0.085700 ms MarkObjects: 2.735900 ms  DeleteObjects: 0.084400 ms)

========================================================================
Received Import Request.
  Time since last request: 24.450455 seconds.
  path: Assets/Scripts/DamageObject.cs
  artifactKey: Guid(d6c6649baec104343b1084fce453c8d5) Importer(815301076,1909f56bfc062723c751e8b465ee728b)
Start importing Assets/Scripts/DamageObject.cs using Guid(d6c6649baec104343b1084fce453c8d5) Importer(815301076,1909f56bfc062723c751e8b465ee728b)  -> (artifact id: '4cf4863e4ba0e56ca543fea304c367f9') in 0.010444 seconds 
========================================================================
Received Prepare
Registering precompiled user dll's ...
Registered in 0.001938 seconds.
Begin MonoManager ReloadAssembly
Native extension for WindowsStandalone target not found
Refreshing native plugins compatible for Editor in 0.78 ms, found 0 plugins.
Preloading 0 native plugins for Editor in 0.00 ms.
Warning: Annotation not found!
UnityEngine.StackTraceUtility:ExtractStackTrace ()
UnityEditor.ProBuilder.EditorUtility:SetGizmoIconEnabled (System.Type,bool) (at Library/PackageCache/com.unity.probuilder@5.0.3/Editor/EditorCore/EditorUtility.cs:575)
UnityEditor.ProBuilder.HierarchyListener:.cctor () (at Library/PackageCache/com.unity.probuilder@5.0.3/Editor/EditorCore/HierarchyListener.cs:21)
System.Runtime.CompilerServices.RuntimeHelpers:RunClassConstructor (System.RuntimeTypeHandle)
UnityEditor.EditorAssemblies:ProcessInitializeOnLoadAttributes (System.Type[])

[Library/PackageCache/com.unity.probuilder@5.0.3/Editor/EditorCore/EditorUtility.cs line 575]

Mono: successfully reloaded assembly
- Completed reload, in  1.159 seconds
Platform modules already initialized, skipping
Shader 'Universal Render Pipeline/Particles/Lit': fallback shader 'Universal Render Pipeline/Particles/SimpleLit' not found
Refreshing native plugins compatible for Editor in 0.76 ms, found 0 plugins.
Preloading 0 native plugins for Editor in 0.00 ms.
Unloading 3008 Unused Serialized files (Serialized files now loaded: 0)
System memory in use before: 141.8 MB.
System memory in use after: 142.0 MB.

Unloading 9 unused Assets to reduce memory usage. Loaded Objects now: 3629.
Total: 3.265000 ms (FindLiveObjects: 0.290400 ms CreateObjectMapping: 0.077900 ms MarkObjects: 2.808000 ms  DeleteObjects: 0.085000 ms)

========================================================================
Received Import Request.
  Time since last request: 58.497770 seconds.
  path: Assets/Scripts/DayNightCycler.cs
  artifactKey: Guid(f4d7df414b2e54a42bab4d6aa93b8190) Importer(815301076,1909f56bfc062723c751e8b465ee728b)
Start importing Assets/Scripts/DayNightCycler.cs using Guid(f4d7df414b2e54a42bab4d6aa93b8190) Importer(815301076,1909f56bfc062723c751e8b465ee728b)  -> (artifact id: '655dee7c4c2b2ff6393634c15acd9961') in 0.010216 seconds 
========================================================================
Received Import Request.
  Time since last request: 0.000205 seconds.
  path: Assets/Scripts/DamageObject.cs
  artifactKey: Guid(d6c6649baec104343b1084fce453c8d5) Importer(815301076,1909f56bfc062723c751e8b465ee728b)
Start importing Assets/Scripts/DamageObject.cs using Guid(d6c6649baec104343b1084fce453c8d5) Importer(815301076,1909f56bfc062723c751e8b465ee728b)  -> (artifact id: '1b59876a05318d8c7ba0f8e47c552763') in 0.002509 seconds 
========================================================================
Received Prepare
Registering precompiled user dll's ...
Registered in 0.001926 seconds.
Begin MonoManager ReloadAssembly
Native extension for WindowsStandalone target not found
Refreshing native plugins compatible for Editor in 0.76 ms, found 0 plugins.
Preloading 0 native plugins for Editor in 0.00 ms.
Warning: Annotation not found!
UnityEngine.StackTraceUtility:ExtractStackTrace ()
UnityEditor.ProBuilder.EditorUtility:SetGizmoIconEnabled (System.Type,bool) (at Library/PackageCache/com.unity.probuilder@5.0.3/Editor/EditorCore/EditorUtility.cs:575)
UnityEditor.ProBuilder.HierarchyListener:.cctor () (at Library/PackageCache/com.unity.probuilder@5.0.3/Editor/EditorCore/HierarchyListener.cs:21)
System.Runtime.CompilerServices.RuntimeHelpers:RunClassConstructor (System.RuntimeTypeHandle)
UnityEditor.EditorAssemblies:ProcessInitializeOnLoadAttributes (System.Type[])

[Library/PackageCache/com.unity.probuilder@5.0.3/Editor/EditorCore/EditorUtility.cs line 575]

Mono: successfully reloaded assembly
- Completed reload, in  1.164 seconds
Platform modules already initialized, skipping
Shader 'Universal Render Pipeline/Particles/Lit': fallback shader 'Universal Render Pipeline/Particles/SimpleLit' not found
Refreshing native plugins compatible for Editor in 1.11 ms, found 0 plugins.
Preloading 0 native plugins for Editor in 0.00 ms.
Unloading 3008 Unused Serialized files (Serialized files now loaded: 0)
System memory in use before: 141.8 MB.
System memory in use after: 142.0 MB.

Unloading 9 unused Assets to reduce memory usage. Loaded Objects now: 3632.
Total: 3.104000 ms (FindLiveObjects: 0.276000 ms CreateObjectMapping: 0.084000 ms MarkObjects: 2.654600 ms  DeleteObjects: 0.088400 ms)

========================================================================
Received Prepare
Registering precompiled user dll's ...
Registered in 0.001895 seconds.
Begin MonoManager ReloadAssembly
Native extension for WindowsStandalone target not found
Refreshing native plugins compatible for Editor in 0.76 ms, found 0 plugins.
Preloading 0 native plugins for Editor in 0.00 ms.
Warning: Annotation not found!
UnityEngine.StackTraceUtility:ExtractStackTrace ()
UnityEditor.ProBuilder.EditorUtility:SetGizmoIconEnabled (System.Type,bool) (at Library/PackageCache/com.unity.probuilder@5.0.3/Editor/EditorCore/EditorUtility.cs:575)
UnityEditor.ProBuilder.HierarchyListener:.cctor () (at Library/PackageCache/com.unity.probuilder@5.0.3/Editor/EditorCore/HierarchyListener.cs:21)
System.Runtime.CompilerServices.RuntimeHelpers:RunClassConstructor (System.RuntimeTypeHandle)
UnityEditor.EditorAssemblies:ProcessInitializeOnLoadAttributes (System.Type[])

[Library/PackageCache/com.unity.probuilder@5.0.3/Editor/EditorCore/EditorUtility.cs line 575]

Mono: successfully reloaded assembly
- Completed reload, in  1.166 seconds
Platform modules already initialized, skipping
Shader 'Universal Render Pipeline/Particles/Lit': fallback shader 'Universal Render Pipeline/Particles/SimpleLit' not found
Refreshing native plugins compatible for Editor in 0.76 ms, found 0 plugins.
Preloading 0 native plugins for Editor in 0.00 ms.
Unloading 3008 Unused Serialized files (Serialized files now loaded: 0)
System memory in use before: 141.9 MB.
System memory in use after: 142.0 MB.

Unloading 9 unused Assets to reduce memory usage. Loaded Objects now: 3635.
Total: 3.120500 ms (FindLiveObjects: 0.282400 ms CreateObjectMapping: 0.080100 ms MarkObjects: 2.676000 ms  DeleteObjects: 0.080900 ms)

========================================================================
Received Import Request.
  Time since last request: 4870.391218 seconds.
  path: Assets/Scripts/InventoryElementUI.cs
  artifactKey: Guid(9728bb2b67607a74bb272c5bc870615e) Importer(815301076,1909f56bfc062723c751e8b465ee728b)
Start importing Assets/Scripts/InventoryElementUI.cs using Guid(9728bb2b67607a74bb272c5bc870615e) Importer(815301076,1909f56bfc062723c751e8b465ee728b)  -> (artifact id: 'a27ea1f2df71683240eb21bcf6d48bba') in 0.011490 seconds 
========================================================================
Received Prepare
Registering precompiled user dll's ...
Registered in 0.001919 seconds.
Begin MonoManager ReloadAssembly
Native extension for WindowsStandalone target not found
Refreshing native plugins compatible for Editor in 1.16 ms, found 0 plugins.
Preloading 0 native plugins for Editor in 0.00 ms.
Warning: Annotation not found!
UnityEngine.StackTraceUtility:ExtractStackTrace ()
UnityEditor.ProBuilder.EditorUtility:SetGizmoIconEnabled (System.Type,bool) (at Library/PackageCache/com.unity.probuilder@5.0.3/Editor/EditorCore/EditorUtility.cs:575)
UnityEditor.ProBuilder.HierarchyListener:.cctor () (at Library/PackageCache/com.unity.probuilder@5.0.3/Editor/EditorCore/HierarchyListener.cs:21)
System.Runtime.CompilerServices.RuntimeHelpers:RunClassConstructor (System.RuntimeTypeHandle)
UnityEditor.EditorAssemblies:ProcessInitializeOnLoadAttributes (System.Type[])

[Library/PackageCache/com.unity.probuilder@5.0.3/Editor/EditorCore/EditorUtility.cs line 575]

Mono: successfully reloaded assembly
- Completed reload, in  1.176 seconds
Platform modules already initialized, skipping
Shader 'Universal Render Pipeline/Particles/Lit': fallback shader 'Universal Render Pipeline/Particles/SimpleLit' not found
Refreshing native plugins compatible for Editor in 0.76 ms, found 0 plugins.
Preloading 0 native plugins for Editor in 0.00 ms.
Unloading 3008 Unused Serialized files (Serialized files now loaded: 0)
System memory in use before: 141.8 MB.
System memory in use after: 142.0 MB.

Unloading 9 unused Assets to reduce memory usage. Loaded Objects now: 3638.
Total: 3.281200 ms (FindLiveObjects: 0.272800 ms CreateObjectMapping: 0.083900 ms MarkObjects: 2.841500 ms  DeleteObjects: 0.081800 ms)

========================================================================
Received Prepare
Registering precompiled user dll's ...
Registered in 0.002121 seconds.
Begin MonoManager ReloadAssembly
Native extension for WindowsStandalone target not found
Refreshing native plugins compatible for Editor in 0.89 ms, found 0 plugins.
Preloading 0 native plugins for Editor in 0.00 ms.
Warning: Annotation not found!
UnityEngine.StackTraceUtility:ExtractStackTrace ()
UnityEditor.ProBuilder.EditorUtility:SetGizmoIconEnabled (System.Type,bool) (at Library/PackageCache/com.unity.probuilder@5.0.3/Editor/EditorCore/EditorUtility.cs:575)
UnityEditor.ProBuilder.HierarchyListener:.cctor () (at Library/PackageCache/com.unity.probuilder@5.0.3/Editor/EditorCore/HierarchyListener.cs:21)
System.Runtime.CompilerServices.RuntimeHelpers:RunClassConstructor (System.RuntimeTypeHandle)
UnityEditor.EditorAssemblies:ProcessInitializeOnLoadAttributes (System.Type[])

[Library/PackageCache/com.unity.probuilder@5.0.3/Editor/EditorCore/EditorUtility.cs line 575]

Mono: successfully reloaded assembly
- Completed reload, in  1.165 seconds
Platform modules already initialized, skipping
Shader 'Universal Render Pipeline/Particles/Lit': fallback shader 'Universal Render Pipeline/Particles/SimpleLit' not found
Refreshing native plugins compatible for Editor in 0.77 ms, found 0 plugins.
Preloading 0 native plugins for Editor in 0.00 ms.
Unloading 3008 Unused Serialized files (Serialized files now loaded: 0)
System memory in use before: 141.9 MB.
System memory in use after: 142.1 MB.

Unloading 9 unused Assets to reduce memory usage. Loaded Objects now: 3641.
Total: 3.030500 ms (FindLiveObjects: 0.256100 ms CreateObjectMapping: 0.079300 ms MarkObjects: 2.603600 ms  DeleteObjects: 0.090500 ms)

AssetImportWorkerClient::OnTransportError - code=2 error=End of file
